warning: unused import: `VerifyingKey`
 --> audit-system/src/logger.rs:9:52
  |
9 | use ed25519_dalek::{SigningKey, Signature, Signer, VerifyingKey};
  |                                                    ^^^^^^^^^^^^
  |
  = note: `#[warn(unused_imports)]` on by default

warning: fields `tools` and `rhai_engine` are never read
  --> evolution-core/src/engine.rs:10:5
   |
7  | pub struct BasicEvolutionEngine {
   |            -------------------- fields in this struct
...
10 |     tools: HashMap<String, ToolImplementation>,
   |     ^^^^^
11 |     metrics: CapabilityMetrics,
12 |     rhai_engine: rhai::Engine,
   |     ^^^^^^^^^^^
   |
   = note: `#[warn(dead_code)]` on by default

warning: `audit-system` (lib) generated 1 warning (run `cargo fix --lib -p audit-system` to apply 1 suggestion)
warning: `evolution-core` (lib) generated 1 warning
warning: field `default_timeout` is never read
  --> hitl-collab/src/collaborator.rs:23:5
   |
20 | pub struct BasicHITLCollaborator {
   |            --------------------- field in this struct
...
23 |     default_timeout: u64,
   |     ^^^^^^^^^^^^^^^
   |
   = note: `#[warn(dead_code)]` on by default

warning: `hitl-collab` (lib) generated 1 warning
   Compiling aegis-rust v0.1.0 (/Users/lordwilson/vy-nexus/aegis-rust)
error[E0432]: unresolved import `intent_firewall::ValidationRequest`
  --> tests/integration_tests.rs:19:60
   |
19 | use intent_firewall::{IntentFirewall, BasicIntentFirewall, ValidationRequest};
   |                                                            ^^^^^^^^^^^^^^^^^
   |                                                            |
   |                                                            no `ValidationRequest` in the root
   |                                                            help: a similar name exists in the module: `ValidatedRequest`

error[E0432]: unresolved import `love_engine::ActionContext`
  --> tests/integration_tests.rs:20:48
   |
20 | use love_engine::{LoveEngine, BasicLoveEngine, ActionContext};
   |                                                ^^^^^^^^^^^^^ no `ActionContext` in the root

error[E0432]: unresolved import `audit_system::AuditLogger`
  --> tests/integration_tests.rs:22:20
   |
22 | use audit_system::{AuditLogger, BasicAuditLogger};
   |                    ^^^^^^^^^^^ no `AuditLogger` in the root
   |
   = help: consider importing this trait instead:
           hitl_collab::AuditLogger

error[E0433]: failed to resolve: use of unresolved module or unlinked crate `serde_json`
    --> tests/integration_tests.rs:1267:9
     |
1267 |         serde_json::json!({"test": "timeout"}),
     |         ^^^^^^^^^^ use of unresolved module or unlinked crate `serde_json`

error[E0433]: failed to resolve: use of unresolved module or unlinked crate `serde_json`
    --> tests/integration_tests.rs:1223:13
     |
1223 |             serde_json::json!({"index": i}),
     |             ^^^^^^^^^^ use of unresolved module or unlinked crate `serde_json`

error[E0433]: failed to resolve: use of unresolved module or unlinked crate `serde_json`
    --> tests/integration_tests.rs:1183:9
     |
1183 |         serde_json::json!({
     |         ^^^^^^^^^^ use of unresolved module or unlinked crate `serde_json`

error[E0433]: failed to resolve: use of unresolved module or unlinked crate `serde_json`
    --> tests/integration_tests.rs:1163:9
     |
1163 |         serde_json::json!({
     |         ^^^^^^^^^^ use of unresolved module or unlinked crate `serde_json`

error[E0433]: failed to resolve: use of unresolved module or unlinked crate `serde_json`
    --> tests/integration_tests.rs:1141:18
     |
1141 |         context: serde_json::json!({"purpose": "Promotion"}),
     |                  ^^^^^^^^^^ use of unresolved module or unlinked crate `serde_json`

error[E0433]: failed to resolve: use of unresolved module or unlinked crate `serde_json`
    --> tests/integration_tests.rs:1108:9
     |
1108 |         serde_json::json!({
     |         ^^^^^^^^^^ use of unresolved module or unlinked crate `serde_json`

error[E0433]: failed to resolve: use of unresolved module or unlinked crate `serde_json`
    --> tests/integration_tests.rs:1088:9
     |
1088 |         serde_json::json!({
     |         ^^^^^^^^^^ use of unresolved module or unlinked crate `serde_json`

error[E0433]: failed to resolve: use of unresolved module or unlinked crate `serde_json`
    --> tests/integration_tests.rs:1077:18
     |
1077 |         context: serde_json::json!({"purpose": "Update configuration"}),
     |                  ^^^^^^^^^^ use of unresolved module or unlinked crate `serde_json`

error[E0433]: failed to resolve: use of unresolved module or unlinked crate `serde_json`
    --> tests/integration_tests.rs:1047:9
     |
1047 |         serde_json::json!({
     |         ^^^^^^^^^^ use of unresolved module or unlinked crate `serde_json`

error[E0433]: failed to resolve: use of unresolved module or unlinked crate `serde_json`
    --> tests/integration_tests.rs:1032:9
     |
1032 |         serde_json::json!({
     |         ^^^^^^^^^^ use of unresolved module or unlinked crate `serde_json`

error[E0433]: failed to resolve: use of unresolved module or unlinked crate `serde_json`
    --> tests/integration_tests.rs:1005:18
     |
1005 |         context: serde_json::json!({"purpose": "Load data"}),
     |                  ^^^^^^^^^^ use of unresolved module or unlinked crate `serde_json`

error[E0433]: failed to resolve: use of unresolved module or unlinked crate `serde_json`
   --> tests/integration_tests.rs:961:13
    |
961 |             serde_json::json!({"index": i}),
    |             ^^^^^^^^^^ use of unresolved module or unlinked crate `serde_json`

error[E0433]: failed to resolve: use of unresolved module or unlinked crate `serde_json`
   --> tests/integration_tests.rs:930:9
    |
930 |         serde_json::json!({
    |         ^^^^^^^^^^ use of unresolved module or unlinked crate `serde_json`

error[E0433]: failed to resolve: use of unresolved module or unlinked crate `serde_json`
   --> tests/integration_tests.rs:906:9
    |
906 |         serde_json::json!({"test": true}),
    |         ^^^^^^^^^^ use of unresolved module or unlinked crate `serde_json`

error[E0433]: failed to resolve: use of unresolved module or unlinked crate `serde_json`
   --> tests/integration_tests.rs:868:9
    |
868 |         serde_json::json!({"test": true}),
    |         ^^^^^^^^^^ use of unresolved module or unlinked crate `serde_json`

error[E0433]: failed to resolve: use of unresolved module or unlinked crate `serde_json`
   --> tests/integration_tests.rs:836:9
    |
836 |         serde_json::json!({
    |         ^^^^^^^^^^ use of unresolved module or unlinked crate `serde_json`

error[E0433]: failed to resolve: use of unresolved module or unlinked crate `serde_json`
   --> tests/integration_tests.rs:794:9
    |
794 |         serde_json::json!({
    |         ^^^^^^^^^^ use of unresolved module or unlinked crate `serde_json`

error[E0433]: failed to resolve: use of unresolved module or unlinked crate `serde_json`
   --> tests/integration_tests.rs:784:18
    |
784 |         context: serde_json::json!({"purpose": "test"}),
    |                  ^^^^^^^^^^ use of unresolved module or unlinked crate `serde_json`

error[E0433]: failed to resolve: use of unresolved module or unlinked crate `serde_json`
   --> tests/integration_tests.rs:740:9
    |
740 |         serde_json::json!({"test": true}),
    |         ^^^^^^^^^^ use of unresolved module or unlinked crate `serde_json`

error[E0433]: failed to resolve: use of unresolved module or unlinked crate `serde_json`
   --> tests/integration_tests.rs:701:13
    |
701 |             serde_json::json!({"dark_pattern": true}),
    |             ^^^^^^^^^^ use of unresolved module or unlinked crate `serde_json`

error[E0433]: failed to resolve: use of unresolved module or unlinked crate `serde_json`
   --> tests/integration_tests.rs:659:13
    |
659 |             serde_json::json!({
    |             ^^^^^^^^^^ use of unresolved module or unlinked crate `serde_json`

error[E0433]: failed to resolve: use of unresolved module or unlinked crate `serde_json`
   --> tests/integration_tests.rs:614:9
    |
614 |         serde_json::json!({"test": true}),
    |         ^^^^^^^^^^ use of unresolved module or unlinked crate `serde_json`

error[E0433]: failed to resolve: use of unresolved module or unlinked crate `serde_json`
   --> tests/integration_tests.rs:576:13
    |
576 |             serde_json::json!({"command": "dangerous"}),
    |             ^^^^^^^^^^ use of unresolved module or unlinked crate `serde_json`

error[E0433]: failed to resolve: use of unresolved module or unlinked crate `serde_json`
   --> tests/integration_tests.rs:534:13
    |
534 |             serde_json::json!({
    |             ^^^^^^^^^^ use of unresolved module or unlinked crate `serde_json`

error[E0433]: failed to resolve: use of unresolved module or unlinked crate `serde_json`
   --> tests/integration_tests.rs:472:13
    |
472 |             serde_json::json!({
    |             ^^^^^^^^^^ use of unresolved module or unlinked crate `serde_json`

error[E0433]: failed to resolve: use of unresolved module or unlinked crate `serde_json`
   --> tests/integration_tests.rs:430:9
    |
430 |         serde_json::json!({
    |         ^^^^^^^^^^ use of unresolved module or unlinked crate `serde_json`

error[E0433]: failed to resolve: use of unresolved module or unlinked crate `serde_json`
   --> tests/integration_tests.rs:382:18
    |
382 |         context: serde_json::json!({
    |                  ^^^^^^^^^^ use of unresolved module or unlinked crate `serde_json`

error[E0433]: failed to resolve: use of unresolved module or unlinked crate `serde_json`
   --> tests/integration_tests.rs:353:9
    |
353 |         serde_json::json!({
    |         ^^^^^^^^^^ use of unresolved module or unlinked crate `serde_json`

error[E0433]: failed to resolve: use of unresolved module or unlinked crate `serde_json`
   --> tests/integration_tests.rs:333:18
    |
333 |         context: serde_json::json!({
    |                  ^^^^^^^^^^ use of unresolved module or unlinked crate `serde_json`

error[E0433]: failed to resolve: use of unresolved module or unlinked crate `serde_json`
   --> tests/integration_tests.rs:297:9
    |
297 |         serde_json::json!({
    |         ^^^^^^^^^^ use of unresolved module or unlinked crate `serde_json`

error[E0433]: failed to resolve: use of unresolved module or unlinked crate `serde_json`
   --> tests/integration_tests.rs:279:18
    |
279 |         context: serde_json::json!({
    |                  ^^^^^^^^^^ use of unresolved module or unlinked crate `serde_json`

error[E0433]: failed to resolve: use of unresolved module or unlinked crate `serde_json`
   --> tests/integration_tests.rs:222:18
    |
222 |         context: serde_json::json!({
    |                  ^^^^^^^^^^ use of unresolved module or unlinked crate `serde_json`

error[E0433]: failed to resolve: use of unresolved module or unlinked crate `serde_json`
   --> tests/integration_tests.rs:189:9
    |
189 |         serde_json::json!({
    |         ^^^^^^^^^^ use of unresolved module or unlinked crate `serde_json`

error[E0433]: failed to resolve: use of unresolved module or unlinked crate `serde_json`
   --> tests/integration_tests.rs:156:18
    |
156 |         context: serde_json::json!({
    |                  ^^^^^^^^^^ use of unresolved module or unlinked crate `serde_json`

error[E0433]: failed to resolve: use of unresolved module or unlinked crate `serde_json`
   --> tests/integration_tests.rs:121:9
    |
121 |         serde_json::json!({
    |         ^^^^^^^^^^ use of unresolved module or unlinked crate `serde_json`

error[E0433]: failed to resolve: use of unresolved module or unlinked crate `serde_json`
  --> tests/integration_tests.rs:91:18
   |
91 |         context: serde_json::json!({
   |                  ^^^^^^^^^^ use of unresolved module or unlinked crate `serde_json`

error[E0433]: failed to resolve: use of unresolved module or unlinked crate `serde_json`
  --> tests/integration_tests.rs:45:18
   |
45 |         context: serde_json::json!({
   |                  ^^^^^^^^^^ use of unresolved module or unlinked crate `serde_json`

warning: unused import: `IntentFirewall`
  --> tests/integration_tests.rs:19:23
   |
19 | use intent_firewall::{IntentFirewall, BasicIntentFirewall, ValidationRequest};
   |                       ^^^^^^^^^^^^^^
   |
   = note: `#[warn(unused_imports)]` on by default

error[E0061]: this function takes 0 arguments but 1 argument was supplied
   --> tests/integration_tests.rs:38:20
    |
38  |     let firewall = BasicIntentFirewall::new(0.7);
    |                    ^^^^^^^^^^^^^^^^^^^^^^^^ --- unexpected argument of type `{float}`
    |
note: associated function defined here
   --> /Users/lordwilson/vy-nexus/aegis-rust/intent-firewall/src/lib.rs:102:12
    |
102 |     pub fn new() -> Self {
    |            ^^^
help: remove the extra argument
    |
38  -     let firewall = BasicIntentFirewall::new(0.7);
38  +     let firewall = BasicIntentFirewall::new();
    |

error[E0061]: this function takes 0 arguments but 1 argument was supplied
  --> tests/integration_tests.rs:39:23
   |
39 |     let love_engine = BasicLoveEngine::new(0.6);
   |                       ^^^^^^^^^^^^^^^^^^^^ --- unexpected argument of type `{float}`
   |
note: associated function defined here
  --> /Users/lordwilson/vy-nexus/aegis-rust/love-engine/src/lib.rs:84:12
   |
84 |     pub fn new() -> Self {
   |            ^^^
help: remove the extra argument
   |
39 -     let love_engine = BasicLoveEngine::new(0.6);
39 +     let love_engine = BasicLoveEngine::new();
   |

error[E0599]: no method named `validate` found for struct `BasicIntentFirewall` in the current scope
  --> tests/integration_tests.rs:53:34
   |
53 |     let safety_result = firewall.validate(&request).await;
   |                                  ^^^^^^^^
   |
help: there is a method `validate_request` with a similar name
   |
53 |     let safety_result = firewall.validate_request(&request).await;
   |                                          ++++++++

error[E0609]: no field `overall_score` on type `EthicalScore`
  --> tests/integration_tests.rs:70:25
   |
70 |     assert!(ethics_eval.overall_score >= 0.6, "Ethics score should be >= 0.6, got {}", ethics_eval.overall_score);
   |                         ^^^^^^^^^^^^^ unknown field
   |
   = note: available fields are: `score`, `dimensions`, `concerns`

error[E0609]: no field `overall_score` on type `EthicalScore`
  --> tests/integration_tests.rs:70:100
   |
70 |     assert!(ethics_eval.overall_score >= 0.6, "Ethics score should be >= 0.6, got {}", ethics_eval.overall_score);
   |                                                                                                    ^^^^^^^^^^^^^ unknown field
   |
   = note: available fields are: `score`, `dimensions`, `concerns`

error[E0061]: this function takes 0 arguments but 1 argument was supplied
   --> tests/integration_tests.rs:82:20
    |
82  |     let firewall = BasicIntentFirewall::new(0.7);
    |                    ^^^^^^^^^^^^^^^^^^^^^^^^ --- unexpected argument of type `{float}`
    |
note: associated function defined here
   --> /Users/lordwilson/vy-nexus/aegis-rust/intent-firewall/src/lib.rs:102:12
    |
102 |     pub fn new() -> Self {
    |            ^^^
help: remove the extra argument
    |
82  -     let firewall = BasicIntentFirewall::new(0.7);
82  +     let firewall = BasicIntentFirewall::new();
    |

error[E0061]: this function takes 0 arguments but 1 argument was supplied
  --> tests/integration_tests.rs:83:23
   |
83 |     let love_engine = BasicLoveEngine::new(0.6);
   |                       ^^^^^^^^^^^^^^^^^^^^ --- unexpected argument of type `{float}`
   |
note: associated function defined here
  --> /Users/lordwilson/vy-nexus/aegis-rust/love-engine/src/lib.rs:84:12
   |
84 |     pub fn new() -> Self {
   |            ^^^
help: remove the extra argument
   |
83 -     let love_engine = BasicLoveEngine::new(0.6);
83 +     let love_engine = BasicLoveEngine::new();
   |

error[E0599]: no function or associated item named `new_in_memory` found for struct `BasicAuditLogger` in the current scope
  --> tests/integration_tests.rs:84:62
   |
84 |     let audit_logger = Arc::new(Mutex::new(BasicAuditLogger::new_in_memory()));
   |                                                              ^^^^^^^^^^^^^ function or associated item not found in `BasicAuditLogger`
   |
note: if you're trying to build a new `BasicAuditLogger` consider using one of the following associated functions:
      BasicAuditLogger::new
      BasicAuditLogger::with_path
  --> /Users/lordwilson/vy-nexus/aegis-rust/audit-system/src/logger.rs:24:5
   |
24 |     pub fn new() -> Result<Self> {
   |     ^^^^^^^^^^^^^^^^^^^^^^^^^^^^
...
29 |     pub fn with_path(db_path: &str) -> Result<Self> {
   |     ^^^^^^^^^^^^^^^^^^^^^^^^^^^^^^^^^^^^^^^^^^^^^^^

error[E0599]: no method named `validate` found for struct `BasicIntentFirewall` in the current scope
  --> tests/integration_tests.rs:99:34
   |
99 |     let safety_result = firewall.validate(&request).await;
   |                                  ^^^^^^^^
   |
help: there is a method `validate_request` with a similar name
   |
99 |     let safety_result = firewall.validate_request(&request).await;
   |                                          ++++++++

error[E0609]: no field `overall_score` on type `EthicalScore`
   --> tests/integration_tests.rs:116:25
    |
116 |     assert!(ethics_eval.overall_score < 0.6, "Ethics score should be < 0.6, got {}", ethics_eval.overall_score);
    |                         ^^^^^^^^^^^^^ unknown field
    |
    = note: available fields are: `score`, `dimensions`, `concerns`

error[E0609]: no field `overall_score` on type `EthicalScore`
   --> tests/integration_tests.rs:116:98
    |
116 |     assert!(ethics_eval.overall_score < 0.6, "Ethics score should be < 0.6, got {}", ethics_eval.overall_score);
    |                                                                                                  ^^^^^^^^^^^^^ unknown field
    |
    = note: available fields are: `score`, `dimensions`, `concerns`

error[E0061]: this method takes 1 argument but 4 arguments were supplied
   --> tests/integration_tests.rs:119:28
    |
119 |       let decision_id = hitl.request_decision(
    |                              ^^^^^^^^^^^^^^^^
120 |           "read_user_passwords".to_string(),
    |           --------------------------------- expected `DecisionRequest`, found `String`
121 | /         serde_json::json!({
122 | |             "action": "read_file",
123 | |             "target": "user_passwords.txt",
124 | |             "safety_score": safety_score,
125 | |             "ethics_score": ethics_eval.overall_score,
126 | |             "concerns": ethics_eval.concerns
127 | |         }),
    | |__________- unexpected argument #2
128 |           Priority::Critical,
    |           ------------------ unexpected argument #3 of type `hitl_collab::Priority`
129 |           600, // 10 minutes for critical
    |           --- unexpected argument #4 of type `{integer}`
    |
note: method defined here
   --> /Users/lordwilson/vy-nexus/aegis-rust/hitl-collab/src/lib.rs:130:14
    |
130 |     async fn request_decision(&mut self, request: DecisionRequest) -> Result<String>;
    |              ^^^^^^^^^^^^^^^^
help: remove the extra arguments
    |
120 -         "read_user_passwords".to_string(),
120 +         /* DecisionRequest */, // 10 minutes for critical
    |

error[E0061]: this function takes 0 arguments but 1 argument was supplied
   --> tests/integration_tests.rs:147:20
    |
147 |     let firewall = BasicIntentFirewall::new(0.7);
    |                    ^^^^^^^^^^^^^^^^^^^^^^^^ --- unexpected argument of type `{float}`
    |
note: associated function defined here
   --> /Users/lordwilson/vy-nexus/aegis-rust/intent-firewall/src/lib.rs:102:12
    |
102 |     pub fn new() -> Self {
    |            ^^^
help: remove the extra argument
    |
147 -     let firewall = BasicIntentFirewall::new(0.7);
147 +     let firewall = BasicIntentFirewall::new();
    |

error[E0061]: this function takes 0 arguments but 1 argument was supplied
   --> tests/integration_tests.rs:148:23
    |
148 |     let love_engine = BasicLoveEngine::new(0.6);
    |                       ^^^^^^^^^^^^^^^^^^^^ --- unexpected argument of type `{float}`
    |
note: associated function defined here
   --> /Users/lordwilson/vy-nexus/aegis-rust/love-engine/src/lib.rs:84:12
    |
84  |     pub fn new() -> Self {
    |            ^^^
help: remove the extra argument
    |
148 -     let love_engine = BasicLoveEngine::new(0.6);
148 +     let love_engine = BasicLoveEngine::new();
    |

error[E0599]: no function or associated item named `new_in_memory` found for struct `BasicAuditLogger` in the current scope
   --> tests/integration_tests.rs:149:62
    |
149 |     let audit_logger = Arc::new(Mutex::new(BasicAuditLogger::new_in_memory()));
    |                                                              ^^^^^^^^^^^^^ function or associated item not found in `BasicAuditLogger`
    |
note: if you're trying to build a new `BasicAuditLogger` consider using one of the following associated functions:
      BasicAuditLogger::new
      BasicAuditLogger::with_path
   --> /Users/lordwilson/vy-nexus/aegis-rust/audit-system/src/logger.rs:24:5
    |
24  |     pub fn new() -> Result<Self> {
    |     ^^^^^^^^^^^^^^^^^^^^^^^^^^^^
...
29  |     pub fn with_path(db_path: &str) -> Result<Self> {
    |     ^^^^^^^^^^^^^^^^^^^^^^^^^^^^^^^^^^^^^^^^^^^^^^^

error[E0599]: no method named `validate` found for struct `BasicIntentFirewall` in the current scope
   --> tests/integration_tests.rs:164:34
    |
164 |     let safety_result = firewall.validate(&request).await;
    |                                  ^^^^^^^^
    |
help: there is a method `validate_request` with a similar name
    |
164 |     let safety_result = firewall.validate_request(&request).await;
    |                                          ++++++++

error[E0609]: no field `overall_score` on type `EthicalScore`
   --> tests/integration_tests.rs:184:25
    |
184 |     assert!(ethics_eval.overall_score >= 0.6, "Ethics score should be >= 0.6, got {}", ethics_eval.overall_score);
    |                         ^^^^^^^^^^^^^ unknown field
    |
    = note: available fields are: `score`, `dimensions`, `concerns`

error[E0609]: no field `overall_score` on type `EthicalScore`
   --> tests/integration_tests.rs:184:100
    |
184 |     assert!(ethics_eval.overall_score >= 0.6, "Ethics score should be >= 0.6, got {}", ethics_eval.overall_score);
    |                                                                                                    ^^^^^^^^^^^^^ unknown field
    |
    = note: available fields are: `score`, `dimensions`, `concerns`

error[E0061]: this method takes 1 argument but 4 arguments were supplied
   --> tests/integration_tests.rs:187:28
    |
187 |       let decision_id = hitl.request_decision(
    |                              ^^^^^^^^^^^^^^^^
188 |           "execute_dangerous_command".to_string(),
    |           --------------------------------------- expected `DecisionRequest`, found `String`
189 | /         serde_json::json!({
190 | |             "action": "execute_system_command",
191 | |             "target": "rm -rf /tmp/old_logs",
192 | |             "safety_score": safety_score,
193 | |             "ethics_score": ethics_eval.overall_score,
194 | |             "safety_concerns": "Dangerous system command pattern"
195 | |         }),
    | |__________- unexpected argument #2
196 |           Priority::High,
    |           -------------- unexpected argument #3 of type `hitl_collab::Priority`
197 |           300, // 5 minutes for high priority
    |           --- unexpected argument #4 of type `{integer}`
    |
note: method defined here
   --> /Users/lordwilson/vy-nexus/aegis-rust/hitl-collab/src/lib.rs:130:14
    |
130 |     async fn request_decision(&mut self, request: DecisionRequest) -> Result<String>;
    |              ^^^^^^^^^^^^^^^^
help: remove the extra arguments
    |
188 -         "execute_dangerous_command".to_string(),
188 +         /* DecisionRequest */, // 5 minutes for high priority
    |

error[E0061]: this function takes 0 arguments but 1 argument was supplied
   --> tests/integration_tests.rs:215:20
    |
215 |     let firewall = BasicIntentFirewall::new(0.7);
    |                    ^^^^^^^^^^^^^^^^^^^^^^^^ --- unexpected argument of type `{float}`
    |
note: associated function defined here
   --> /Users/lordwilson/vy-nexus/aegis-rust/intent-firewall/src/lib.rs:102:12
    |
102 |     pub fn new() -> Self {
    |            ^^^
help: remove the extra argument
    |
215 -     let firewall = BasicIntentFirewall::new(0.7);
215 +     let firewall = BasicIntentFirewall::new();
    |

error[E0061]: this function takes 0 arguments but 1 argument was supplied
   --> tests/integration_tests.rs:216:23
    |
216 |     let love_engine = BasicLoveEngine::new(0.6);
    |                       ^^^^^^^^^^^^^^^^^^^^ --- unexpected argument of type `{float}`
    |
note: associated function defined here
   --> /Users/lordwilson/vy-nexus/aegis-rust/love-engine/src/lib.rs:84:12
    |
84  |     pub fn new() -> Self {
    |            ^^^
help: remove the extra argument
    |
216 -     let love_engine = BasicLoveEngine::new(0.6);
216 +     let love_engine = BasicLoveEngine::new();
    |

error[E0599]: no method named `validate` found for struct `BasicIntentFirewall` in the current scope
   --> tests/integration_tests.rs:230:34
    |
230 |     let safety_result = firewall.validate(&request).await;
    |                                  ^^^^^^^^
    |
help: there is a method `validate_request` with a similar name
    |
230 |     let safety_result = firewall.validate_request(&request).await;
    |                                          ++++++++

error[E0609]: no field `overall_score` on type `EthicalScore`
   --> tests/integration_tests.rs:250:25
    |
250 |     assert!(ethics_eval.overall_score < 0.6, "Ethics score should be < 0.6, got {}", ethics_eval.overall_score);
    |                         ^^^^^^^^^^^^^ unknown field
    |
    = note: available fields are: `score`, `dimensions`, `concerns`

error[E0609]: no field `overall_score` on type `EthicalScore`
   --> tests/integration_tests.rs:250:98
    |
250 |     assert!(ethics_eval.overall_score < 0.6, "Ethics score should be < 0.6, got {}", ethics_eval.overall_score);
    |                                                                                                  ^^^^^^^^^^^^^ unknown field
    |
    = note: available fields are: `score`, `dimensions`, `concerns`

error[E0609]: no field `overall_score` on type `EthicalScore`
   --> tests/integration_tests.rs:254:47
    |
254 |     assert!(safety_score < 0.7 && ethics_eval.overall_score < 0.6, 
    |                                               ^^^^^^^^^^^^^ unknown field
    |
    = note: available fields are: `score`, `dimensions`, `concerns`

error[E0609]: no field `overall_score` on type `EthicalScore`
   --> tests/integration_tests.rs:258:40
    |
258 |              safety_score, ethics_eval.overall_score);
    |                                        ^^^^^^^^^^^^^ unknown field
    |
    = note: available fields are: `score`, `dimensions`, `concerns`

error[E0061]: this function takes 0 arguments but 1 argument was supplied
   --> tests/integration_tests.rs:271:20
    |
271 |     let firewall = BasicIntentFirewall::new(0.7);
    |                    ^^^^^^^^^^^^^^^^^^^^^^^^ --- unexpected argument of type `{float}`
    |
note: associated function defined here
   --> /Users/lordwilson/vy-nexus/aegis-rust/intent-firewall/src/lib.rs:102:12
    |
102 |     pub fn new() -> Self {
    |            ^^^
help: remove the extra argument
    |
271 -     let firewall = BasicIntentFirewall::new(0.7);
271 +     let firewall = BasicIntentFirewall::new();
    |

error[E0599]: no function or associated item named `new_in_memory` found for struct `BasicAuditLogger` in the current scope
   --> tests/integration_tests.rs:272:62
    |
272 |     let audit_logger = Arc::new(Mutex::new(BasicAuditLogger::new_in_memory()));
    |                                                              ^^^^^^^^^^^^^ function or associated item not found in `BasicAuditLogger`
    |
note: if you're trying to build a new `BasicAuditLogger` consider using one of the following associated functions:
      BasicAuditLogger::new
      BasicAuditLogger::with_path
   --> /Users/lordwilson/vy-nexus/aegis-rust/audit-system/src/logger.rs:24:5
    |
24  |     pub fn new() -> Result<Self> {
    |     ^^^^^^^^^^^^^^^^^^^^^^^^^^^^
...
29  |     pub fn with_path(db_path: &str) -> Result<Self> {
    |     ^^^^^^^^^^^^^^^^^^^^^^^^^^^^^^^^^^^^^^^^^^^^^^^

error[E0599]: no method named `validate` found for struct `BasicIntentFirewall` in the current scope
   --> tests/integration_tests.rs:286:34
    |
286 |     let safety_result = firewall.validate(&request).await;
    |                                  ^^^^^^^^
    |
help: there is a method `validate_request` with a similar name
    |
286 |     let safety_result = firewall.validate_request(&request).await;
    |                                          ++++++++

error[E0061]: this method takes 1 argument but 4 arguments were supplied
   --> tests/integration_tests.rs:295:28
    |
295 |       let decision_id = hitl.request_decision(
    |                              ^^^^^^^^^^^^^^^^
296 |           "critical_safety_violation".to_string(),
    |           --------------------------------------- expected `DecisionRequest`, found `String`
297 | /         serde_json::json!({
298 | |             "action": request.action,
299 | |             "target": request.target,
300 | |             "safety_score": safety_score,
301 | |             "violation": "Extremely dangerous system command"
302 | |         }),
    | |__________- unexpected argument #2
303 |           Priority::Critical,
    |           ------------------ unexpected argument #3 of type `hitl_collab::Priority`
304 |           600, // 10 minutes for critical
    |           --- unexpected argument #4 of type `{integer}`
    |
note: method defined here
   --> /Users/lordwilson/vy-nexus/aegis-rust/hitl-collab/src/lib.rs:130:14
    |
130 |     async fn request_decision(&mut self, request: DecisionRequest) -> Result<String>;
    |              ^^^^^^^^^^^^^^^^
help: remove the extra arguments
    |
296 -         "critical_safety_violation".to_string(),
296 +         /* DecisionRequest */, // 10 minutes for critical
    |

error[E0599]: no method named `is_some` found for enum `DecisionStatus` in the current scope
   --> tests/integration_tests.rs:314:20
    |
314 |     assert!(status.is_some(), "Decision status should exist");
    |                    ^^^^^^^ method not found in `DecisionStatus`

error[E0061]: this function takes 0 arguments but 1 argument was supplied
   --> tests/integration_tests.rs:325:20
    |
325 |     let firewall = BasicIntentFirewall::new(0.7);
    |                    ^^^^^^^^^^^^^^^^^^^^^^^^ --- unexpected argument of type `{float}`
    |
note: associated function defined here
   --> /Users/lordwilson/vy-nexus/aegis-rust/intent-firewall/src/lib.rs:102:12
    |
102 |     pub fn new() -> Self {
    |            ^^^
help: remove the extra argument
    |
325 -     let firewall = BasicIntentFirewall::new(0.7);
325 +     let firewall = BasicIntentFirewall::new();
    |

error[E0599]: no function or associated item named `new_in_memory` found for struct `BasicAuditLogger` in the current scope
   --> tests/integration_tests.rs:326:62
    |
326 |     let audit_logger = Arc::new(Mutex::new(BasicAuditLogger::new_in_memory()));
    |                                                              ^^^^^^^^^^^^^ function or associated item not found in `BasicAuditLogger`
    |
note: if you're trying to build a new `BasicAuditLogger` consider using one of the following associated functions:
      BasicAuditLogger::new
      BasicAuditLogger::with_path
   --> /Users/lordwilson/vy-nexus/aegis-rust/audit-system/src/logger.rs:24:5
    |
24  |     pub fn new() -> Result<Self> {
    |     ^^^^^^^^^^^^^^^^^^^^^^^^^^^^
...
29  |     pub fn with_path(db_path: &str) -> Result<Self> {
    |     ^^^^^^^^^^^^^^^^^^^^^^^^^^^^^^^^^^^^^^^^^^^^^^^

error[E0599]: no method named `validate` found for struct `BasicIntentFirewall` in the current scope
   --> tests/integration_tests.rs:340:34
    |
340 |     let safety_result = firewall.validate(&request).await;
    |                                  ^^^^^^^^
    |
help: there is a method `validate_request` with a similar name
    |
340 |     let safety_result = firewall.validate_request(&request).await;
    |                                          ++++++++

error[E0061]: this method takes 1 argument but 4 arguments were supplied
   --> tests/integration_tests.rs:351:28
    |
351 |       let decision_id = hitl.request_decision(
    |                              ^^^^^^^^^^^^^^^^
352 |           "borderline_safety".to_string(),
    |           ------------------------------- expected `DecisionRequest`, found `String`
353 | /         serde_json::json!({
354 | |             "action": request.action,
355 | |             "target": request.target,
356 | |             "safety_score": safety_score,
357 | |             "concerns": "Borderline safety score, requires human review"
358 | |         }),
    | |__________- unexpected argument #2
359 |           Priority::High,
    |           -------------- unexpected argument #3 of type `hitl_collab::Priority`
360 |           300,
    |           --- unexpected argument #4 of type `{integer}`
    |
note: method defined here
   --> /Users/lordwilson/vy-nexus/aegis-rust/hitl-collab/src/lib.rs:130:14
    |
130 |     async fn request_decision(&mut self, request: DecisionRequest) -> Result<String>;
    |              ^^^^^^^^^^^^^^^^
help: remove the extra arguments
    |
352 -         "borderline_safety".to_string(),
352 +         /* DecisionRequest */,
    |

error[E0061]: this function takes 0 arguments but 1 argument was supplied
   --> tests/integration_tests.rs:377:20
    |
377 |     let firewall = BasicIntentFirewall::new(0.7);
    |                    ^^^^^^^^^^^^^^^^^^^^^^^^ --- unexpected argument of type `{float}`
    |
note: associated function defined here
   --> /Users/lordwilson/vy-nexus/aegis-rust/intent-firewall/src/lib.rs:102:12
    |
102 |     pub fn new() -> Self {
    |            ^^^
help: remove the extra argument
    |
377 -     let firewall = BasicIntentFirewall::new(0.7);
377 +     let firewall = BasicIntentFirewall::new();
    |

error[E0599]: no method named `validate` found for struct `BasicIntentFirewall` in the current scope
   --> tests/integration_tests.rs:388:34
    |
388 |     let safety_result = firewall.validate(&request).await;
    |                                  ^^^^^^^^
    |
help: there is a method `validate_request` with a similar name
    |
388 |     let safety_result = firewall.validate_request(&request).await;
    |                                          ++++++++

error[E0061]: this function takes 0 arguments but 1 argument was supplied
   --> tests/integration_tests.rs:408:23
    |
408 |     let love_engine = BasicLoveEngine::new(0.6);
    |                       ^^^^^^^^^^^^^^^^^^^^ --- unexpected argument of type `{float}`
    |
note: associated function defined here
   --> /Users/lordwilson/vy-nexus/aegis-rust/love-engine/src/lib.rs:84:12
    |
84  |     pub fn new() -> Self {
    |            ^^^
help: remove the extra argument
    |
408 -     let love_engine = BasicLoveEngine::new(0.6);
408 +     let love_engine = BasicLoveEngine::new();
    |

error[E0599]: no function or associated item named `new_in_memory` found for struct `BasicAuditLogger` in the current scope
   --> tests/integration_tests.rs:409:62
    |
409 |     let audit_logger = Arc::new(Mutex::new(BasicAuditLogger::new_in_memory()));
    |                                                              ^^^^^^^^^^^^^ function or associated item not found in `BasicAuditLogger`
    |
note: if you're trying to build a new `BasicAuditLogger` consider using one of the following associated functions:
      BasicAuditLogger::new
      BasicAuditLogger::with_path
   --> /Users/lordwilson/vy-nexus/aegis-rust/audit-system/src/logger.rs:24:5
    |
24  |     pub fn new() -> Result<Self> {
    |     ^^^^^^^^^^^^^^^^^^^^^^^^^^^^
...
29  |     pub fn with_path(db_path: &str) -> Result<Self> {
    |     ^^^^^^^^^^^^^^^^^^^^^^^^^^^^^^^^^^^^^^^^^^^^^^^

error[E0609]: no field `overall_score` on type `EthicalScore`
   --> tests/integration_tests.rs:424:25
    |
424 |     assert!(ethics_eval.overall_score < 0.6, "Ethics score should be < 0.6, got {}", ethics_eval.overall_score);
    |                         ^^^^^^^^^^^^^ unknown field
    |
    = note: available fields are: `score`, `dimensions`, `concerns`

error[E0609]: no field `overall_score` on type `EthicalScore`
   --> tests/integration_tests.rs:424:98
    |
424 |     assert!(ethics_eval.overall_score < 0.6, "Ethics score should be < 0.6, got {}", ethics_eval.overall_score);
    |                                                                                                  ^^^^^^^^^^^^^ unknown field
    |
    = note: available fields are: `score`, `dimensions`, `concerns`

error[E0061]: this method takes 1 argument but 4 arguments were supplied
   --> tests/integration_tests.rs:428:28
    |
428 |       let decision_id = hitl.request_decision(
    |                              ^^^^^^^^^^^^^^^^
429 |           "severe_ethical_violation".to_string(),
    |           -------------------------------------- expected `DecisionRequest`, found `String`
430 | /         serde_json::json!({
431 | |             "action": action_context.action,
432 | |             "ethics_score": ethics_eval.overall_score,
433 | |             "concerns": ethics_eval.concerns
434 | |         }),
    | |__________- unexpected argument #2
435 |           Priority::Critical,
    |           ------------------ unexpected argument #3 of type `hitl_collab::Priority`
436 |           600,
    |           --- unexpected argument #4 of type `{integer}`
    |
note: method defined here
   --> /Users/lordwilson/vy-nexus/aegis-rust/hitl-collab/src/lib.rs:130:14
    |
130 |     async fn request_decision(&mut self, request: DecisionRequest) -> Result<String>;
    |              ^^^^^^^^^^^^^^^^
help: remove the extra arguments
    |
429 -         "severe_ethical_violation".to_string(),
429 +         /* DecisionRequest */,
    |

error[E0061]: this function takes 0 arguments but 1 argument was supplied
   --> tests/integration_tests.rs:453:23
    |
453 |     let love_engine = BasicLoveEngine::new(0.6);
    |                       ^^^^^^^^^^^^^^^^^^^^ --- unexpected argument of type `{float}`
    |
note: associated function defined here
   --> /Users/lordwilson/vy-nexus/aegis-rust/love-engine/src/lib.rs:84:12
    |
84  |     pub fn new() -> Self {
    |            ^^^
help: remove the extra argument
    |
453 -     let love_engine = BasicLoveEngine::new(0.6);
453 +     let love_engine = BasicLoveEngine::new();
    |

error[E0599]: no function or associated item named `new_in_memory` found for struct `BasicAuditLogger` in the current scope
   --> tests/integration_tests.rs:454:62
    |
454 |     let audit_logger = Arc::new(Mutex::new(BasicAuditLogger::new_in_memory()));
    |                                                              ^^^^^^^^^^^^^ function or associated item not found in `BasicAuditLogger`
    |
note: if you're trying to build a new `BasicAuditLogger` consider using one of the following associated functions:
      BasicAuditLogger::new
      BasicAuditLogger::with_path
   --> /Users/lordwilson/vy-nexus/aegis-rust/audit-system/src/logger.rs:24:5
    |
24  |     pub fn new() -> Result<Self> {
    |     ^^^^^^^^^^^^^^^^^^^^^^^^^^^^
...
29  |     pub fn with_path(db_path: &str) -> Result<Self> {
    |     ^^^^^^^^^^^^^^^^^^^^^^^^^^^^^^^^^^^^^^^^^^^^^^^

error[E0609]: no field `overall_score` on type `EthicalScore`
   --> tests/integration_tests.rs:469:20
    |
469 |     if ethics_eval.overall_score < 0.6 {
    |                    ^^^^^^^^^^^^^ unknown field
    |
    = note: available fields are: `score`, `dimensions`, `concerns`

error[E0061]: this method takes 1 argument but 4 arguments were supplied
   --> tests/integration_tests.rs:470:32
    |
470 |           let decision_id = hitl.request_decision(
    |                                  ^^^^^^^^^^^^^^^^
471 |               "borderline_ethics".to_string(),
    |               ------------------------------- expected `DecisionRequest`, found `String`
472 | /             serde_json::json!({
473 | |                 "action": action_context.action,
474 | |                 "ethics_score": ethics_eval.overall_score,
475 | |                 "dimension_scores": ethics_eval.dimension_scores
476 | |             }),
    | |______________- unexpected argument #2
477 |               Priority::High,
    |               -------------- unexpected argument #3 of type `hitl_collab::Priority`
478 |               300,
    |               --- unexpected argument #4 of type `{integer}`
    |
note: method defined here
   --> /Users/lordwilson/vy-nexus/aegis-rust/hitl-collab/src/lib.rs:130:14
    |
130 |     async fn request_decision(&mut self, request: DecisionRequest) -> Result<String>;
    |              ^^^^^^^^^^^^^^^^
help: remove the extra arguments
    |
471 -             "borderline_ethics".to_string(),
471 +             /* DecisionRequest */,
    |

error[E0061]: this function takes 0 arguments but 1 argument was supplied
   --> tests/integration_tests.rs:494:23
    |
494 |     let love_engine = BasicLoveEngine::new(0.6);
    |                       ^^^^^^^^^^^^^^^^^^^^ --- unexpected argument of type `{float}`
    |
note: associated function defined here
   --> /Users/lordwilson/vy-nexus/aegis-rust/love-engine/src/lib.rs:84:12
    |
84  |     pub fn new() -> Self {
    |            ^^^
help: remove the extra argument
    |
494 -     let love_engine = BasicLoveEngine::new(0.6);
494 +     let love_engine = BasicLoveEngine::new();
    |

error[E0609]: no field `overall_score` on type `EthicalScore`
   --> tests/integration_tests.rs:508:25
    |
508 |     assert!(ethics_eval.overall_score >= 0.6, "Ethics score should be >= 0.6, got {}", ethics_eval.overall_score);
    |                         ^^^^^^^^^^^^^ unknown field
    |
    = note: available fields are: `score`, `dimensions`, `concerns`

error[E0609]: no field `overall_score` on type `EthicalScore`
   --> tests/integration_tests.rs:508:100
    |
508 |     assert!(ethics_eval.overall_score >= 0.6, "Ethics score should be >= 0.6, got {}", ethics_eval.overall_score);
    |                                                                                                    ^^^^^^^^^^^^^ unknown field
    |
    = note: available fields are: `score`, `dimensions`, `concerns`

error[E0061]: this method takes 5 arguments but 4 arguments were supplied
   --> tests/integration_tests.rs:531:19
    |
531 |           evolution.log_experience(
    |  ___________________^^^^^^^^^^^^^^-
532 | |             format!("file_access_{}", i),
533 | |             "access_sensitive_file".to_string(),
    | |             ----------------------------------- expected `Value`, found `String`
534 | |             serde_json::json!({
...   |
538 | |             false, // Failed
    | |             ----- expected `f64`, found `bool`
539 | |         ).await.unwrap();
    | |_________- argument #5 of type `f64` is missing
    |
note: method defined here
   --> /Users/lordwilson/vy-nexus/aegis-rust/evolution-core/src/lib.rs:181:14
    |
181 |     async fn log_experience(
    |              ^^^^^^^^^^^^^^
help: try wrapping the expression in `serde_json::value::Value::String`
    |
533 |             serde_json::value::Value::String("access_sensitive_file".to_string()),
    |             +++++++++++++++++++++++++++++++++                                   +
help: provide the argument
    |
531 ~         evolution.log_experience(format!("file_access_{}", i), /* serde_json::value::Value */, serde_json::json!({
532 +                 "file": "/etc/shadow",
533 +                 "attempt": i + 1
534 ~             }), /* f64 */, /* f64 */).await.unwrap();
    |

error[E0308]: mismatched types
   --> tests/integration_tests.rs:543:13
    |
543 |             format!("file_access_{}", i),
    |             ^^^^^^^^^^^^^^^^^^^^^^^^^^^^ expected `&str`, found `String`
    |
    = note: this error originates in the macro `format` (in Nightly builds, run with -Z macro-backtrace for more info)

error[E0061]: this method takes 5 arguments but 4 arguments were supplied
   --> tests/integration_tests.rs:573:19
    |
573 |           evolution.log_experience(
    |  ___________________^^^^^^^^^^^^^^-
574 | |             format!("unsafe_action_{}", i),
575 | |             "system_command".to_string(),
    | |             ---------------------------- expected `Value`, found `String`
576 | |             serde_json::json!({"command": "dangerous"}),
577 | |             false,
    | |             ----- expected `f64`, found `bool`
578 | |         ).await.unwrap();
    | |_________- argument #5 of type `f64` is missing
    |
note: method defined here
   --> /Users/lordwilson/vy-nexus/aegis-rust/evolution-core/src/lib.rs:181:14
    |
181 |     async fn log_experience(
    |              ^^^^^^^^^^^^^^
help: try wrapping the expression in `serde_json::value::Value::String`
    |
575 |             serde_json::value::Value::String("system_command".to_string()),
    |             +++++++++++++++++++++++++++++++++                            +
help: provide the argument
    |
573 -         evolution.log_experience(
574 -             format!("unsafe_action_{}", i),
575 -             "system_command".to_string(),
576 -             serde_json::json!({"command": "dangerous"}),
577 -             false,
578 -         ).await.unwrap();
573 +         evolution.log_experience(format!("unsafe_action_{}", i), /* serde_json::value::Value */, serde_json::json!({"command": "dangerous"}), /* f64 */, /* f64 */).await.unwrap();
    |

error[E0308]: mismatched types
   --> tests/integration_tests.rs:581:13
    |
581 |             format!("unsafe_action_{}", i),
    |             ^^^^^^^^^^^^^^^^^^^^^^^^^^^^^^ expected `&str`, found `String`
    |
    = note: this error originates in the macro `format` (in Nightly builds, run with -Z macro-backtrace for more info)

error[E0061]: this method takes 5 arguments but 4 arguments were supplied
   --> tests/integration_tests.rs:611:15
    |
611 |       evolution.log_experience(
    |  _______________^^^^^^^^^^^^^^-
612 | |         experience_id.clone(),
613 | |         "test_action".to_string(),
    | |         ------------------------- expected `Value`, found `String`
614 | |         serde_json::json!({"test": true}),
615 | |         false,
    | |         ----- expected `f64`, found `bool`
616 | |     ).await.unwrap();
    | |_____- argument #5 of type `f64` is missing
    |
note: method defined here
   --> /Users/lordwilson/vy-nexus/aegis-rust/evolution-core/src/lib.rs:181:14
    |
181 |     async fn log_experience(
    |              ^^^^^^^^^^^^^^
help: try wrapping the expression in `serde_json::value::Value::String`
    |
613 |         serde_json::value::Value::String("test_action".to_string()),
    |         +++++++++++++++++++++++++++++++++                         +
help: provide the argument
    |
611 -     evolution.log_experience(
612 -         experience_id.clone(),
613 -         "test_action".to_string(),
614 -         serde_json::json!({"test": true}),
615 -         false,
616 -     ).await.unwrap();
611 +     evolution.log_experience(experience_id.clone(), /* serde_json::value::Value */, serde_json::json!({"test": true}), /* f64 */, /* f64 */).await.unwrap();
    |

error[E0308]: mismatched types
   --> tests/integration_tests.rs:623:9
    |
622 |     evolution.learn_from_safety(
    |               ----------------- arguments to this method are incorrect
623 |         experience_id.clone(),
    |         ^^^^^^^^^^^^^^^^^^^^^ expected `&str`, found `String`
    |
note: method defined here
   --> /Users/lordwilson/vy-nexus/aegis-rust/evolution-core/src/lib.rs:208:14
    |
208 |     async fn learn_from_safety(
    |              ^^^^^^^^^^^^^^^^^
help: consider borrowing here
    |
623 |         &experience_id.clone(),
    |         +

error[E0061]: this method takes 1 argument but 3 arguments were supplied
   --> tests/integration_tests.rs:629:33
    |
629 |     let experiences = evolution.get_experiences(None, None, None).await.unwrap();
    |                                 ^^^^^^^^^^^^^^^       ----  ---- unexpected argument #3 of type `Option<_>`
    |                                                       |
    |                                                       unexpected argument #2 of type `Option<_>`
    |
note: expected `ExperienceFilter`, found `Option<_>`
   --> tests/integration_tests.rs:629:49
    |
629 |     let experiences = evolution.get_experiences(None, None, None).await.unwrap();
    |                                                 ^^^^
    = note: expected struct `ExperienceFilter`
                 found enum `Option<_>`
note: method defined here
   --> /Users/lordwilson/vy-nexus/aegis-rust/evolution-core/src/lib.rs:219:8
    |
219 |     fn get_experiences(&self, filter: ExperienceFilter) -> Result<Vec<Experience>>;
    |        ^^^^^^^^^^^^^^^
help: remove the extra arguments
    |
629 -     let experiences = evolution.get_experiences(None, None, None).await.unwrap();
629 +     let experiences = evolution.get_experiences(/* ExperienceFilter */).await.unwrap();
    |

error[E0277]: `Result<Vec<Experience>, anyhow::Error>` is not a future
   --> tests/integration_tests.rs:629:67
    |
629 |     let experiences = evolution.get_experiences(None, None, None).await.unwrap();
    |                                                                   ^^^^^ `Result<Vec<Experience>, anyhow::Error>` is not a future
    |
    = help: the trait `Future` is not implemented for `Result<Vec<Experience>, anyhow::Error>`
    = note: Result<Vec<Experience>, anyhow::Error> must be a future or must implement `IntoFuture` to be awaited
    = note: required for `Result<Vec<Experience>, anyhow::Error>` to implement `IntoFuture`
help: remove the `.await`
    |
629 -     let experiences = evolution.get_experiences(None, None, None).await.unwrap();
629 +     let experiences = evolution.get_experiences(None, None, None).unwrap();
    |

error[E0061]: this method takes 5 arguments but 4 arguments were supplied
   --> tests/integration_tests.rs:656:19
    |
656 |           evolution.log_experience(
    |  ___________________^^^^^^^^^^^^^^-
657 | |             format!("privacy_violation_{}", i),
658 | |             "collect_user_data".to_string(),
    | |             ------------------------------- expected `Value`, found `String`
659 | |             serde_json::json!({
...   |
663 | |             false,
    | |             ----- expected `f64`, found `bool`
664 | |         ).await.unwrap();
    | |_________- argument #5 of type `f64` is missing
    |
note: method defined here
   --> /Users/lordwilson/vy-nexus/aegis-rust/evolution-core/src/lib.rs:181:14
    |
181 |     async fn log_experience(
    |              ^^^^^^^^^^^^^^
help: try wrapping the expression in `serde_json::value::Value::String`
    |
658 |             serde_json::value::Value::String("collect_user_data".to_string()),
    |             +++++++++++++++++++++++++++++++++                               +
help: provide the argument
    |
656 ~         evolution.log_experience(format!("privacy_violation_{}", i), /* serde_json::value::Value */, serde_json::json!({
657 +                 "data_type": "personal_info",
658 +                 "attempt": i + 1
659 ~             }), /* f64 */, /* f64 */).await.unwrap();
    |

error[E0308]: mismatched types
   --> tests/integration_tests.rs:668:13
    |
668 |             format!("privacy_violation_{}", i),
    |             ^^^^^^^^^^^^^^^^^^^^^^^^^^^^^^^^^^ expected `&str`, found `String`
    |
    = note: this error originates in the macro `format` (in Nightly builds, run with -Z macro-backtrace for more info)

error[E0061]: this method takes 5 arguments but 4 arguments were supplied
   --> tests/integration_tests.rs:698:19
    |
698 |           evolution.log_experience(
    |  ___________________^^^^^^^^^^^^^^-
699 | |             format!("unethical_action_{}", i),
700 | |             "manipulative_ui".to_string(),
    | |             ----------------------------- expected `Value`, found `String`
701 | |             serde_json::json!({"dark_pattern": true}),
702 | |             false,
    | |             ----- expected `f64`, found `bool`
703 | |         ).await.unwrap();
    | |_________- argument #5 of type `f64` is missing
    |
note: method defined here
   --> /Users/lordwilson/vy-nexus/aegis-rust/evolution-core/src/lib.rs:181:14
    |
181 |     async fn log_experience(
    |              ^^^^^^^^^^^^^^
help: try wrapping the expression in `serde_json::value::Value::String`
    |
700 |             serde_json::value::Value::String("manipulative_ui".to_string()),
    |             +++++++++++++++++++++++++++++++++                             +
help: provide the argument
    |
698 -         evolution.log_experience(
699 -             format!("unethical_action_{}", i),
700 -             "manipulative_ui".to_string(),
701 -             serde_json::json!({"dark_pattern": true}),
702 -             false,
703 -         ).await.unwrap();
698 +         evolution.log_experience(format!("unethical_action_{}", i), /* serde_json::value::Value */, serde_json::json!({"dark_pattern": true}), /* f64 */, /* f64 */).await.unwrap();
    |

error[E0308]: mismatched types
   --> tests/integration_tests.rs:706:13
    |
706 |             format!("unethical_action_{}", i),
    |             ^^^^^^^^^^^^^^^^^^^^^^^^^^^^^^^^^ expected `&str`, found `String`
    |
    = note: this error originates in the macro `format` (in Nightly builds, run with -Z macro-backtrace for more info)

error[E0061]: this method takes 5 arguments but 4 arguments were supplied
   --> tests/integration_tests.rs:737:15
    |
737 |       evolution.log_experience(
    |  _______________^^^^^^^^^^^^^^-
738 | |         experience_id.clone(),
739 | |         "test_action".to_string(),
    | |         ------------------------- expected `Value`, found `String`
740 | |         serde_json::json!({"test": true}),
741 | |         false,
    | |         ----- expected `f64`, found `bool`
742 | |     ).await.unwrap();
    | |_____- argument #5 of type `f64` is missing
    |
note: method defined here
   --> /Users/lordwilson/vy-nexus/aegis-rust/evolution-core/src/lib.rs:181:14
    |
181 |     async fn log_experience(
    |              ^^^^^^^^^^^^^^
help: try wrapping the expression in `serde_json::value::Value::String`
    |
739 |         serde_json::value::Value::String("test_action".to_string()),
    |         +++++++++++++++++++++++++++++++++                         +
help: provide the argument
    |
737 -     evolution.log_experience(
738 -         experience_id.clone(),
739 -         "test_action".to_string(),
740 -         serde_json::json!({"test": true}),
741 -         false,
742 -     ).await.unwrap();
737 +     evolution.log_experience(experience_id.clone(), /* serde_json::value::Value */, serde_json::json!({"test": true}), /* f64 */, /* f64 */).await.unwrap();
    |

error[E0308]: mismatched types
   --> tests/integration_tests.rs:749:9
    |
748 |     evolution.learn_from_ethics(
    |               ----------------- arguments to this method are incorrect
749 |         experience_id.clone(),
    |         ^^^^^^^^^^^^^^^^^^^^^ expected `&str`, found `String`
    |
note: method defined here
   --> /Users/lordwilson/vy-nexus/aegis-rust/evolution-core/src/lib.rs:200:14
    |
200 |     async fn learn_from_ethics(
    |              ^^^^^^^^^^^^^^^^^
help: consider borrowing here
    |
749 |         &experience_id.clone(),
    |         +

error[E0061]: this method takes 1 argument but 3 arguments were supplied
   --> tests/integration_tests.rs:755:33
    |
755 |     let experiences = evolution.get_experiences(None, None, None).await.unwrap();
    |                                 ^^^^^^^^^^^^^^^       ----  ---- unexpected argument #3 of type `Option<_>`
    |                                                       |
    |                                                       unexpected argument #2 of type `Option<_>`
    |
note: expected `ExperienceFilter`, found `Option<_>`
   --> tests/integration_tests.rs:755:49
    |
755 |     let experiences = evolution.get_experiences(None, None, None).await.unwrap();
    |                                                 ^^^^
    = note: expected struct `ExperienceFilter`
                 found enum `Option<_>`
note: method defined here
   --> /Users/lordwilson/vy-nexus/aegis-rust/evolution-core/src/lib.rs:219:8
    |
219 |     fn get_experiences(&self, filter: ExperienceFilter) -> Result<Vec<Experience>>;
    |        ^^^^^^^^^^^^^^^
help: remove the extra arguments
    |
755 -     let experiences = evolution.get_experiences(None, None, None).await.unwrap();
755 +     let experiences = evolution.get_experiences(/* ExperienceFilter */).await.unwrap();
    |

error[E0277]: `Result<Vec<Experience>, anyhow::Error>` is not a future
   --> tests/integration_tests.rs:755:67
    |
755 |     let experiences = evolution.get_experiences(None, None, None).await.unwrap();
    |                                                                   ^^^^^ `Result<Vec<Experience>, anyhow::Error>` is not a future
    |
    = help: the trait `Future` is not implemented for `Result<Vec<Experience>, anyhow::Error>`
    = note: Result<Vec<Experience>, anyhow::Error> must be a future or must implement `IntoFuture` to be awaited
    = note: required for `Result<Vec<Experience>, anyhow::Error>` to implement `IntoFuture`
help: remove the `.await`
    |
755 -     let experiences = evolution.get_experiences(None, None, None).await.unwrap();
755 +     let experiences = evolution.get_experiences(None, None, None).unwrap();
    |

error[E0061]: this function takes 0 arguments but 1 argument was supplied
   --> tests/integration_tests.rs:778:20
    |
778 |     let firewall = BasicIntentFirewall::new(0.7);
    |                    ^^^^^^^^^^^^^^^^^^^^^^^^ --- unexpected argument of type `{float}`
    |
note: associated function defined here
   --> /Users/lordwilson/vy-nexus/aegis-rust/intent-firewall/src/lib.rs:102:12
    |
102 |     pub fn new() -> Self {
    |            ^^^
help: remove the extra argument
    |
778 -     let firewall = BasicIntentFirewall::new(0.7);
778 +     let firewall = BasicIntentFirewall::new();
    |

error[E0599]: no function or associated item named `new_in_memory` found for struct `BasicAuditLogger` in the current scope
   --> tests/integration_tests.rs:779:62
    |
779 |     let audit_logger = Arc::new(Mutex::new(BasicAuditLogger::new_in_memory()));
    |                                                              ^^^^^^^^^^^^^ function or associated item not found in `BasicAuditLogger`
    |
note: if you're trying to build a new `BasicAuditLogger` consider using one of the following associated functions:
      BasicAuditLogger::new
      BasicAuditLogger::with_path
   --> /Users/lordwilson/vy-nexus/aegis-rust/audit-system/src/logger.rs:24:5
    |
24  |     pub fn new() -> Result<Self> {
    |     ^^^^^^^^^^^^^^^^^^^^^^^^^^^^
...
29  |     pub fn with_path(db_path: &str) -> Result<Self> {
    |     ^^^^^^^^^^^^^^^^^^^^^^^^^^^^^^^^^^^^^^^^^^^^^^^

error[E0599]: no method named `validate` found for struct `BasicIntentFirewall` in the current scope
   --> tests/integration_tests.rs:788:27
    |
788 |     let result = firewall.validate(&request).await.unwrap();
    |                           ^^^^^^^^
    |
help: there is a method `validate_request` with a similar name
    |
788 |     let result = firewall.validate_request(&request).await.unwrap();
    |                                   ++++++++

error[E0061]: this function takes 0 arguments but 1 argument was supplied
   --> tests/integration_tests.rs:819:23
    |
819 |     let love_engine = BasicLoveEngine::new(0.6);
    |                       ^^^^^^^^^^^^^^^^^^^^ --- unexpected argument of type `{float}`
    |
note: associated function defined here
   --> /Users/lordwilson/vy-nexus/aegis-rust/love-engine/src/lib.rs:84:12
    |
84  |     pub fn new() -> Self {
    |            ^^^
help: remove the extra argument
    |
819 -     let love_engine = BasicLoveEngine::new(0.6);
819 +     let love_engine = BasicLoveEngine::new();
    |

error[E0599]: no function or associated item named `new_in_memory` found for struct `BasicAuditLogger` in the current scope
   --> tests/integration_tests.rs:820:62
    |
820 |     let audit_logger = Arc::new(Mutex::new(BasicAuditLogger::new_in_memory()));
    |                                                              ^^^^^^^^^^^^^ function or associated item not found in `BasicAuditLogger`
    |
note: if you're trying to build a new `BasicAuditLogger` consider using one of the following associated functions:
      BasicAuditLogger::new
      BasicAuditLogger::with_path
   --> /Users/lordwilson/vy-nexus/aegis-rust/audit-system/src/logger.rs:24:5
    |
24  |     pub fn new() -> Result<Self> {
    |     ^^^^^^^^^^^^^^^^^^^^^^^^^^^^
...
29  |     pub fn with_path(db_path: &str) -> Result<Self> {
    |     ^^^^^^^^^^^^^^^^^^^^^^^^^^^^^^^^^^^^^^^^^^^^^^^

error[E0599]: no function or associated item named `new_in_memory` found for struct `BasicAuditLogger` in the current scope
   --> tests/integration_tests.rs:862:62
    |
862 |     let audit_logger = Arc::new(Mutex::new(BasicAuditLogger::new_in_memory()));
    |                                                              ^^^^^^^^^^^^^ function or associated item not found in `BasicAuditLogger`
    |
note: if you're trying to build a new `BasicAuditLogger` consider using one of the following associated functions:
      BasicAuditLogger::new
      BasicAuditLogger::with_path
   --> /Users/lordwilson/vy-nexus/aegis-rust/audit-system/src/logger.rs:24:5
    |
24  |     pub fn new() -> Result<Self> {
    |     ^^^^^^^^^^^^^^^^^^^^^^^^^^^^
...
29  |     pub fn with_path(db_path: &str) -> Result<Self> {
    |     ^^^^^^^^^^^^^^^^^^^^^^^^^^^^^^^^^^^^^^^^^^^^^^^

error[E0061]: this method takes 1 argument but 4 arguments were supplied
   --> tests/integration_tests.rs:866:28
    |
866 |     let decision_id = hitl.request_decision(
    |                            ^^^^^^^^^^^^^^^^
867 |         "test_decision".to_string(),
    |         --------------------------- expected `DecisionRequest`, found `String`
868 |         serde_json::json!({"test": true}),
    |         --------------------------------- unexpected argument #2
869 |         Priority::Medium,
    |         ---------------- unexpected argument #3 of type `hitl_collab::Priority`
870 |         300,
    |         --- unexpected argument #4 of type `{integer}`
    |
note: method defined here
   --> /Users/lordwilson/vy-nexus/aegis-rust/hitl-collab/src/lib.rs:130:14
    |
130 |     async fn request_decision(&mut self, request: DecisionRequest) -> Result<String>;
    |              ^^^^^^^^^^^^^^^^
help: remove the extra arguments
    |
867 -         "test_decision".to_string(),
867 +         /* DecisionRequest */,
    |

error[E0061]: this method takes 3 arguments but 2 arguments were supplied
   --> tests/integration_tests.rs:874:10
    |
874 |       hitl.approve_decision(
    |  __________^^^^^^^^^^^^^^^^-
875 | |         &decision_id,
876 | |         "Approved for testing".to_string(),
    | |         ---------------------------------- expected `&str`, found `String`
877 | |     ).await.unwrap();
    | |_____- argument #3 of type `Option<String>` is missing
    |
note: method defined here
   --> /Users/lordwilson/vy-nexus/aegis-rust/hitl-collab/src/lib.rs:133:14
    |
133 |     async fn approve_decision(&mut self, request_id: &str, responder: &str, reasoning: Option<String>) -> Result<DecisionResponse>;
    |              ^^^^^^^^^^^^^^^^
help: try removing the method call
    |
876 -         "Approved for testing".to_string(),
876 +         "Approved for testing",
    |
help: provide the argument
    |
874 -     hitl.approve_decision(
875 -         &decision_id,
876 -         "Approved for testing".to_string(),
877 -     ).await.unwrap();
874 +     hitl.approve_decision(&decision_id, /* &str */, /* Option<String> */).await.unwrap();
    |

error[E0599]: no function or associated item named `new_in_memory` found for struct `BasicAuditLogger` in the current scope
   --> tests/integration_tests.rs:899:62
    |
899 |     let audit_logger = Arc::new(Mutex::new(BasicAuditLogger::new_in_memory()));
    |                                                              ^^^^^^^^^^^^^ function or associated item not found in `BasicAuditLogger`
    |
note: if you're trying to build a new `BasicAuditLogger` consider using one of the following associated functions:
      BasicAuditLogger::new
      BasicAuditLogger::with_path
   --> /Users/lordwilson/vy-nexus/aegis-rust/audit-system/src/logger.rs:24:5
    |
24  |     pub fn new() -> Result<Self> {
    |     ^^^^^^^^^^^^^^^^^^^^^^^^^^^^
...
29  |     pub fn with_path(db_path: &str) -> Result<Self> {
    |     ^^^^^^^^^^^^^^^^^^^^^^^^^^^^^^^^^^^^^^^^^^^^^^^

error[E0061]: this method takes 5 arguments but 4 arguments were supplied
   --> tests/integration_tests.rs:903:15
    |
903 |       evolution.log_experience(
    |  _______________^^^^^^^^^^^^^^-
904 | |         experience_id.clone(),
905 | |         "test_action".to_string(),
    | |         ------------------------- expected `Value`, found `String`
906 | |         serde_json::json!({"test": true}),
907 | |         true,
    | |         ---- expected `f64`, found `bool`
908 | |     ).await.unwrap();
    | |_____- argument #5 of type `f64` is missing
    |
note: method defined here
   --> /Users/lordwilson/vy-nexus/aegis-rust/evolution-core/src/lib.rs:181:14
    |
181 |     async fn log_experience(
    |              ^^^^^^^^^^^^^^
help: try wrapping the expression in `serde_json::value::Value::String`
    |
905 |         serde_json::value::Value::String("test_action".to_string()),
    |         +++++++++++++++++++++++++++++++++                         +
help: provide the argument
    |
903 -     evolution.log_experience(
904 -         experience_id.clone(),
905 -         "test_action".to_string(),
906 -         serde_json::json!({"test": true}),
907 -         true,
908 -     ).await.unwrap();
903 +     evolution.log_experience(experience_id.clone(), /* serde_json::value::Value */, serde_json::json!({"test": true}), /* f64 */, /* f64 */).await.unwrap();
    |

error[E0308]: mismatched types
   --> tests/integration_tests.rs:912:9
    |
911 |     evolution.learn_from_safety(
    |               ----------------- arguments to this method are incorrect
912 |         experience_id.clone(),
    |         ^^^^^^^^^^^^^^^^^^^^^ expected `&str`, found `String`
    |
note: method defined here
   --> /Users/lordwilson/vy-nexus/aegis-rust/evolution-core/src/lib.rs:208:14
    |
208 |     async fn learn_from_safety(
    |              ^^^^^^^^^^^^^^^^^
help: consider borrowing here
    |
912 |         &experience_id.clone(),
    |         +

error[E0308]: mismatched types
   --> tests/integration_tests.rs:918:9
    |
917 |     evolution.learn_from_ethics(
    |               ----------------- arguments to this method are incorrect
918 |         experience_id.clone(),
    |         ^^^^^^^^^^^^^^^^^^^^^ expected `&str`, found `String`
    |
note: method defined here
   --> /Users/lordwilson/vy-nexus/aegis-rust/evolution-core/src/lib.rs:200:14
    |
200 |     async fn learn_from_ethics(
    |              ^^^^^^^^^^^^^^^^^
help: consider borrowing here
    |
918 |         &experience_id.clone(),
    |         +

error[E0061]: this method takes 1 argument but 3 arguments were supplied
   --> tests/integration_tests.rs:924:33
    |
924 |     let experiences = evolution.get_experiences(None, None, None).await.unwrap();
    |                                 ^^^^^^^^^^^^^^^       ----  ---- unexpected argument #3 of type `Option<_>`
    |                                                       |
    |                                                       unexpected argument #2 of type `Option<_>`
    |
note: expected `ExperienceFilter`, found `Option<_>`
   --> tests/integration_tests.rs:924:49
    |
924 |     let experiences = evolution.get_experiences(None, None, None).await.unwrap();
    |                                                 ^^^^
    = note: expected struct `ExperienceFilter`
                 found enum `Option<_>`
note: method defined here
   --> /Users/lordwilson/vy-nexus/aegis-rust/evolution-core/src/lib.rs:219:8
    |
219 |     fn get_experiences(&self, filter: ExperienceFilter) -> Result<Vec<Experience>>;
    |        ^^^^^^^^^^^^^^^
help: remove the extra arguments
    |
924 -     let experiences = evolution.get_experiences(None, None, None).await.unwrap();
924 +     let experiences = evolution.get_experiences(/* ExperienceFilter */).await.unwrap();
    |

error[E0277]: `Result<Vec<Experience>, anyhow::Error>` is not a future
   --> tests/integration_tests.rs:924:67
    |
924 |     let experiences = evolution.get_experiences(None, None, None).await.unwrap();
    |                                                                   ^^^^^ `Result<Vec<Experience>, anyhow::Error>` is not a future
    |
    = help: the trait `Future` is not implemented for `Result<Vec<Experience>, anyhow::Error>`
    = note: Result<Vec<Experience>, anyhow::Error> must be a future or must implement `IntoFuture` to be awaited
    = note: required for `Result<Vec<Experience>, anyhow::Error>` to implement `IntoFuture`
help: remove the `.await`
    |
924 -     let experiences = evolution.get_experiences(None, None, None).await.unwrap();
924 +     let experiences = evolution.get_experiences(None, None, None).unwrap();
    |

error[E0599]: no function or associated item named `new_in_memory` found for struct `BasicAuditLogger` in the current scope
   --> tests/integration_tests.rs:953:62
    |
953 |     let audit_logger = Arc::new(Mutex::new(BasicAuditLogger::new_in_memory()));
    |                                                              ^^^^^^^^^^^^^ function or associated item not found in `BasicAuditLogger`
    |
note: if you're trying to build a new `BasicAuditLogger` consider using one of the following associated functions:
      BasicAuditLogger::new
      BasicAuditLogger::with_path
   --> /Users/lordwilson/vy-nexus/aegis-rust/audit-system/src/logger.rs:24:5
    |
24  |     pub fn new() -> Result<Self> {
    |     ^^^^^^^^^^^^^^^^^^^^^^^^^^^^
...
29  |     pub fn with_path(db_path: &str) -> Result<Self> {
    |     ^^^^^^^^^^^^^^^^^^^^^^^^^^^^^^^^^^^^^^^^^^^^^^^

error[E0061]: this function takes 0 arguments but 1 argument was supplied
   --> tests/integration_tests.rs:996:20
    |
996 |     let firewall = BasicIntentFirewall::new(0.7);
    |                    ^^^^^^^^^^^^^^^^^^^^^^^^ --- unexpected argument of type `{float}`
    |
note: associated function defined here
   --> /Users/lordwilson/vy-nexus/aegis-rust/intent-firewall/src/lib.rs:102:12
    |
102 |     pub fn new() -> Self {
    |            ^^^
help: remove the extra argument
    |
996 -     let firewall = BasicIntentFirewall::new(0.7);
996 +     let firewall = BasicIntentFirewall::new();
    |

error[E0061]: this function takes 0 arguments but 1 argument was supplied
   --> tests/integration_tests.rs:997:23
    |
997 |     let love_engine = BasicLoveEngine::new(0.6);
    |                       ^^^^^^^^^^^^^^^^^^^^ --- unexpected argument of type `{float}`
    |
note: associated function defined here
   --> /Users/lordwilson/vy-nexus/aegis-rust/love-engine/src/lib.rs:84:12
    |
84  |     pub fn new() -> Self {
    |            ^^^
help: remove the extra argument
    |
997 -     let love_engine = BasicLoveEngine::new(0.6);
997 +     let love_engine = BasicLoveEngine::new();
    |

error[E0599]: no function or associated item named `new_in_memory` found for struct `BasicAuditLogger` in the current scope
   --> tests/integration_tests.rs:999:62
    |
999 |     let audit_logger = Arc::new(Mutex::new(BasicAuditLogger::new_in_memory()));
    |                                                              ^^^^^^^^^^^^^ function or associated item not found in `BasicAuditLogger`
    |
note: if you're trying to build a new `BasicAuditLogger` consider using one of the following associated functions:
      BasicAuditLogger::new
      BasicAuditLogger::with_path
   --> /Users/lordwilson/vy-nexus/aegis-rust/audit-system/src/logger.rs:24:5
    |
24  |     pub fn new() -> Result<Self> {
    |     ^^^^^^^^^^^^^^^^^^^^^^^^^^^^
...
29  |     pub fn with_path(db_path: &str) -> Result<Self> {
    |     ^^^^^^^^^^^^^^^^^^^^^^^^^^^^^^^^^^^^^^^^^^^^^^^

error[E0599]: no method named `validate` found for struct `BasicIntentFirewall` in the current scope
    --> tests/integration_tests.rs:1009:34
     |
1009 |     let safety_result = firewall.validate(&request).await.unwrap();
     |                                  ^^^^^^^^
     |
help: there is a method `validate_request` with a similar name
     |
1009 |     let safety_result = firewall.validate_request(&request).await.unwrap();
     |                                          ++++++++

error[E0609]: no field `overall_score` on type `EthicalScore`
    --> tests/integration_tests.rs:1022:27
     |
1022 |     assert!(ethics_result.overall_score >= 0.6, "Ethics check should pass");
     |                           ^^^^^^^^^^^^^ unknown field
     |
     = note: available fields are: `score`, `dimensions`, `concerns`

error[E0061]: this method takes 5 arguments but 4 arguments were supplied
    --> tests/integration_tests.rs:1029:15
     |
1029 |       evolution.log_experience(
     |  _______________^^^^^^^^^^^^^^-
1030 | |         experience_id.clone(),
1031 | |         request.action.clone(),
1032 | |         serde_json::json!({
...    |
1037 | |         execution_success,
     | |         ----------------- expected `f64`, found `bool`
1038 | |     ).await.unwrap();
     | |_____- argument #5 of type `f64` is missing
     |
note: method defined here
    --> /Users/lordwilson/vy-nexus/aegis-rust/evolution-core/src/lib.rs:181:14
     |
181  |     async fn log_experience(
     |              ^^^^^^^^^^^^^^
help: provide the argument
     |
1029 ~     evolution.log_experience(experience_id.clone(), request.action.clone(), serde_json::json!({
1030 +             "target": request.target,
1031 +             "safety_score": safety_result.safety_score,
1032 +             "ethics_score": ethics_result.overall_score
1033 ~         }), /* f64 */, /* f64 */).await.unwrap();
     |

error[E0308]: mismatched types
    --> tests/integration_tests.rs:1040:33
     |
1040 |     evolution.learn_from_safety(experience_id.clone(), safety_result.safety_score, vec![]).await.unwrap();
     |               ----------------- ^^^^^^^^^^^^^^^^^^^^^ expected `&str`, found `String`
     |               |
     |               arguments to this method are incorrect
     |
note: method defined here
    --> /Users/lordwilson/vy-nexus/aegis-rust/evolution-core/src/lib.rs:208:14
     |
208  |     async fn learn_from_safety(
     |              ^^^^^^^^^^^^^^^^^
help: consider borrowing here
     |
1040 |     evolution.learn_from_safety(&experience_id.clone(), safety_result.safety_score, vec![]).await.unwrap();
     |                                 +

error[E0609]: no field `overall_score` on type `EthicalScore`
    --> tests/integration_tests.rs:1041:70
     |
1041 |     evolution.learn_from_ethics(experience_id.clone(), ethics_result.overall_score, vec![]).await.unwrap();
     |                                                                      ^^^^^^^^^^^^^ unknown field
     |
     = note: available fields are: `score`, `dimensions`, `concerns`

error[E0308]: mismatched types
    --> tests/integration_tests.rs:1041:33
     |
1041 |     evolution.learn_from_ethics(experience_id.clone(), ethics_result.overall_score, vec![]).await.unwrap();
     |               ----------------- ^^^^^^^^^^^^^^^^^^^^^ expected `&str`, found `String`
     |               |
     |               arguments to this method are incorrect
     |
note: method defined here
    --> /Users/lordwilson/vy-nexus/aegis-rust/evolution-core/src/lib.rs:200:14
     |
200  |     async fn learn_from_ethics(
     |              ^^^^^^^^^^^^^^^^^
help: consider borrowing here
     |
1041 |     evolution.learn_from_ethics(&experience_id.clone(), ethics_result.overall_score, vec![]).await.unwrap();
     |                                 +

error[E0061]: this function takes 0 arguments but 1 argument was supplied
    --> tests/integration_tests.rs:1067:20
     |
1067 |     let firewall = BasicIntentFirewall::new(0.7);
     |                    ^^^^^^^^^^^^^^^^^^^^^^^^ --- unexpected argument of type `{float}`
     |
note: associated function defined here
    --> /Users/lordwilson/vy-nexus/aegis-rust/intent-firewall/src/lib.rs:102:12
     |
102  |     pub fn new() -> Self {
     |            ^^^
help: remove the extra argument
     |
1067 -     let firewall = BasicIntentFirewall::new(0.7);
1067 +     let firewall = BasicIntentFirewall::new();
     |

error[E0061]: this function takes 0 arguments but 1 argument was supplied
    --> tests/integration_tests.rs:1068:23
     |
1068 |     let love_engine = BasicLoveEngine::new(0.6);
     |                       ^^^^^^^^^^^^^^^^^^^^ --- unexpected argument of type `{float}`
     |
note: associated function defined here
    --> /Users/lordwilson/vy-nexus/aegis-rust/love-engine/src/lib.rs:84:12
     |
84   |     pub fn new() -> Self {
     |            ^^^
help: remove the extra argument
     |
1068 -     let love_engine = BasicLoveEngine::new(0.6);
1068 +     let love_engine = BasicLoveEngine::new();
     |

error[E0599]: no function or associated item named `new_in_memory` found for struct `BasicAuditLogger` in the current scope
    --> tests/integration_tests.rs:1070:62
     |
1070 |     let audit_logger = Arc::new(Mutex::new(BasicAuditLogger::new_in_memory()));
     |                                                              ^^^^^^^^^^^^^ function or associated item not found in `BasicAuditLogger`
     |
note: if you're trying to build a new `BasicAuditLogger` consider using one of the following associated functions:
      BasicAuditLogger::new
      BasicAuditLogger::with_path
    --> /Users/lordwilson/vy-nexus/aegis-rust/audit-system/src/logger.rs:24:5
     |
24   |     pub fn new() -> Result<Self> {
     |     ^^^^^^^^^^^^^^^^^^^^^^^^^^^^
...
29   |     pub fn with_path(db_path: &str) -> Result<Self> {
     |     ^^^^^^^^^^^^^^^^^^^^^^^^^^^^^^^^^^^^^^^^^^^^^^^

error[E0599]: no method named `validate` found for struct `BasicIntentFirewall` in the current scope
    --> tests/integration_tests.rs:1081:34
     |
1081 |     let safety_result = firewall.validate(&request).await;
     |                                  ^^^^^^^^
     |
help: there is a method `validate_request` with a similar name
     |
1081 |     let safety_result = firewall.validate_request(&request).await;
     |                                          ++++++++

error[E0061]: this method takes 1 argument but 4 arguments were supplied
    --> tests/integration_tests.rs:1086:28
     |
1086 |       let decision_id = hitl.request_decision(
     |                              ^^^^^^^^^^^^^^^^
1087 |           "unsafe_action_approval".to_string(),
     |           ------------------------------------ expected `DecisionRequest`, found `String`
1088 | /         serde_json::json!({
1089 | |             "action": request.action,
1090 | |             "target": request.target,
1091 | |             "safety_score": safety_score
1092 | |         }),
     | |__________- unexpected argument #2
1093 |           Priority::High,
     |           -------------- unexpected argument #3 of type `hitl_collab::Priority`
1094 |           300,
     |           --- unexpected argument #4 of type `{integer}`
     |
note: method defined here
    --> /Users/lordwilson/vy-nexus/aegis-rust/hitl-collab/src/lib.rs:130:14
     |
130  |     async fn request_decision(&mut self, request: DecisionRequest) -> Result<String>;
     |              ^^^^^^^^^^^^^^^^
help: remove the extra arguments
     |
1087 -         "unsafe_action_approval".to_string(),
1087 +         /* DecisionRequest */,
     |

error[E0061]: this method takes 3 arguments but 2 arguments were supplied
    --> tests/integration_tests.rs:1098:10
     |
1098 |     hitl.approve_decision(&decision_id, "Approved after review".to_string()).await.unwrap();
     |          ^^^^^^^^^^^^^^^^---------------------------------------------------
     |                          |              |
     |                          |              expected `&str`, found `String`
     |                          argument #3 of type `Option<String>` is missing
     |
note: method defined here
    --> /Users/lordwilson/vy-nexus/aegis-rust/hitl-collab/src/lib.rs:133:14
     |
133  |     async fn approve_decision(&mut self, request_id: &str, responder: &str, reasoning: Option<String>) -> Result<DecisionResponse>;
     |              ^^^^^^^^^^^^^^^^
help: try removing the method call
     |
1098 -     hitl.approve_decision(&decision_id, "Approved after review".to_string()).await.unwrap();
1098 +     hitl.approve_decision(&decision_id, "Approved after review").await.unwrap();
     |
help: provide the argument
     |
1098 -     hitl.approve_decision(&decision_id, "Approved after review".to_string()).await.unwrap();
1098 +     hitl.approve_decision(&decision_id, /* &str */, /* Option<String> */).await.unwrap();
     |

error[E0061]: this method takes 5 arguments but 4 arguments were supplied
    --> tests/integration_tests.rs:1105:15
     |
1105 |       evolution.log_experience(
     |  _______________^^^^^^^^^^^^^^-
1106 | |         experience_id.clone(),
1107 | |         request.action.clone(),
1108 | |         serde_json::json!({
...    |
1114 | |         execution_success,
     | |         ----------------- expected `f64`, found `bool`
1115 | |     ).await.unwrap();
     | |_____- argument #5 of type `f64` is missing
     |
note: method defined here
    --> /Users/lordwilson/vy-nexus/aegis-rust/evolution-core/src/lib.rs:181:14
     |
181  |     async fn log_experience(
     |              ^^^^^^^^^^^^^^
help: provide the argument
     |
1105 ~     evolution.log_experience(experience_id.clone(), request.action.clone(), serde_json::json!({
1106 +             "target": request.target,
1107 +             "safety_score": safety_score,
1108 +             "hitl_approved": true,
1109 +             "decision_id": decision_id
1110 ~         }), /* f64 */, /* f64 */).await.unwrap();
     |

error[E0061]: this function takes 0 arguments but 1 argument was supplied
    --> tests/integration_tests.rs:1131:20
     |
1131 |     let firewall = BasicIntentFirewall::new(0.7);
     |                    ^^^^^^^^^^^^^^^^^^^^^^^^ --- unexpected argument of type `{float}`
     |
note: associated function defined here
    --> /Users/lordwilson/vy-nexus/aegis-rust/intent-firewall/src/lib.rs:102:12
     |
102  |     pub fn new() -> Self {
     |            ^^^
help: remove the extra argument
     |
1131 -     let firewall = BasicIntentFirewall::new(0.7);
1131 +     let firewall = BasicIntentFirewall::new();
     |

error[E0061]: this function takes 0 arguments but 1 argument was supplied
    --> tests/integration_tests.rs:1132:23
     |
1132 |     let love_engine = BasicLoveEngine::new(0.6);
     |                       ^^^^^^^^^^^^^^^^^^^^ --- unexpected argument of type `{float}`
     |
note: associated function defined here
    --> /Users/lordwilson/vy-nexus/aegis-rust/love-engine/src/lib.rs:84:12
     |
84   |     pub fn new() -> Self {
     |            ^^^
help: remove the extra argument
     |
1132 -     let love_engine = BasicLoveEngine::new(0.6);
1132 +     let love_engine = BasicLoveEngine::new();
     |

error[E0599]: no function or associated item named `new_in_memory` found for struct `BasicAuditLogger` in the current scope
    --> tests/integration_tests.rs:1134:62
     |
1134 |     let audit_logger = Arc::new(Mutex::new(BasicAuditLogger::new_in_memory()));
     |                                                              ^^^^^^^^^^^^^ function or associated item not found in `BasicAuditLogger`
     |
note: if you're trying to build a new `BasicAuditLogger` consider using one of the following associated functions:
      BasicAuditLogger::new
      BasicAuditLogger::with_path
    --> /Users/lordwilson/vy-nexus/aegis-rust/audit-system/src/logger.rs:24:5
     |
24   |     pub fn new() -> Result<Self> {
     |     ^^^^^^^^^^^^^^^^^^^^^^^^^^^^
...
29   |     pub fn with_path(db_path: &str) -> Result<Self> {
     |     ^^^^^^^^^^^^^^^^^^^^^^^^^^^^^^^^^^^^^^^^^^^^^^^

error[E0599]: no method named `validate` found for struct `BasicIntentFirewall` in the current scope
    --> tests/integration_tests.rs:1145:34
     |
1145 |     let safety_result = firewall.validate(&request).await.unwrap();
     |                                  ^^^^^^^^
     |
help: there is a method `validate_request` with a similar name
     |
1145 |     let safety_result = firewall.validate_request(&request).await.unwrap();
     |                                          ++++++++

error[E0609]: no field `overall_score` on type `EthicalScore`
    --> tests/integration_tests.rs:1158:27
     |
1158 |     assert!(ethics_result.overall_score < 0.6, "Ethics check should fail");
     |                           ^^^^^^^^^^^^^ unknown field
     |
     = note: available fields are: `score`, `dimensions`, `concerns`

error[E0061]: this method takes 1 argument but 4 arguments were supplied
    --> tests/integration_tests.rs:1161:28
     |
1161 |       let decision_id = hitl.request_decision(
     |                              ^^^^^^^^^^^^^^^^
1162 |           "unethical_action_review".to_string(),
     |           ------------------------------------- expected `DecisionRequest`, found `String`
1163 | /         serde_json::json!({
1164 | |             "action": request.action,
1165 | |             "ethics_score": ethics_result.overall_score,
1166 | |             "concerns": ethics_result.concerns
1167 | |         }),
     | |__________- unexpected argument #2
1168 |           Priority::Critical,
     |           ------------------ unexpected argument #3 of type `hitl_collab::Priority`
1169 |           600,
     |           --- unexpected argument #4 of type `{integer}`
     |
note: method defined here
    --> /Users/lordwilson/vy-nexus/aegis-rust/hitl-collab/src/lib.rs:130:14
     |
130  |     async fn request_decision(&mut self, request: DecisionRequest) -> Result<String>;
     |              ^^^^^^^^^^^^^^^^
help: remove the extra arguments
     |
1162 -         "unethical_action_review".to_string(),
1162 +         /* DecisionRequest */,
     |

error[E0061]: this method takes 3 arguments but 2 arguments were supplied
    --> tests/integration_tests.rs:1173:10
     |
1173 |     hitl.reject_decision(&decision_id, "Violates user privacy policy".to_string()).await.unwrap();
     |          ^^^^^^^^^^^^^^^----------------------------------------------------------
     |                         |              |
     |                         |              expected `&str`, found `String`
     |                         argument #3 of type `Option<String>` is missing
     |
note: method defined here
    --> /Users/lordwilson/vy-nexus/aegis-rust/hitl-collab/src/lib.rs:136:14
     |
136  |     async fn reject_decision(&mut self, request_id: &str, responder: &str, reasoning: Option<String>) -> Result<DecisionResponse>;
     |              ^^^^^^^^^^^^^^^
help: try removing the method call
     |
1173 -     hitl.reject_decision(&decision_id, "Violates user privacy policy".to_string()).await.unwrap();
1173 +     hitl.reject_decision(&decision_id, "Violates user privacy policy").await.unwrap();
     |
help: provide the argument
     |
1173 -     hitl.reject_decision(&decision_id, "Violates user privacy policy".to_string()).await.unwrap();
1173 +     hitl.reject_decision(&decision_id, /* &str */, /* Option<String> */).await.unwrap();
     |

error[E0061]: this method takes 5 arguments but 4 arguments were supplied
    --> tests/integration_tests.rs:1180:15
     |
1180 |       evolution.log_experience(
     |  _______________^^^^^^^^^^^^^^-
1181 | |         experience_id.clone(),
1182 | |         request.action.clone(),
1183 | |         serde_json::json!({
...    |
1189 | |         execution_success,
     | |         ----------------- expected `f64`, found `bool`
1190 | |     ).await.unwrap();
     | |_____- argument #5 of type `f64` is missing
     |
note: method defined here
    --> /Users/lordwilson/vy-nexus/aegis-rust/evolution-core/src/lib.rs:181:14
     |
181  |     async fn log_experience(
     |              ^^^^^^^^^^^^^^
help: provide the argument
     |
1180 ~     evolution.log_experience(experience_id.clone(), request.action.clone(), serde_json::json!({
1181 +             "target": request.target,
1182 +             "ethics_score": ethics_result.overall_score,
1183 +             "hitl_rejected": true,
1184 +             "decision_id": decision_id
1185 ~         }), /* f64 */, /* f64 */).await.unwrap();
     |

error[E0609]: no field `overall_score` on type `EthicalScore`
    --> tests/integration_tests.rs:1194:23
     |
1194 |         ethics_result.overall_score,
     |                       ^^^^^^^^^^^^^ unknown field
     |
     = note: available fields are: `score`, `dimensions`, `concerns`

error[E0308]: mismatched types
    --> tests/integration_tests.rs:1193:9
     |
1192 |     evolution.learn_from_ethics(
     |               ----------------- arguments to this method are incorrect
1193 |         experience_id.clone(),
     |         ^^^^^^^^^^^^^^^^^^^^^ expected `&str`, found `String`
     |
note: method defined here
    --> /Users/lordwilson/vy-nexus/aegis-rust/evolution-core/src/lib.rs:200:14
     |
200  |     async fn learn_from_ethics(
     |              ^^^^^^^^^^^^^^^^^
help: consider borrowing here
     |
1193 |         &experience_id.clone(),
     |         +

error[E0061]: this method takes 5 arguments but 4 arguments were supplied
    --> tests/integration_tests.rs:1220:19
     |
1220 |           evolution.log_experience(
     |  ___________________^^^^^^^^^^^^^^-
1221 | |             format!("pattern_test_{}", i),
1222 | |             "file_operation".to_string(),
     | |             ---------------------------- expected `Value`, found `String`
1223 | |             serde_json::json!({"index": i}),
1224 | |             success,
     | |             ------- expected `f64`, found `bool`
1225 | |         ).await.unwrap();
     | |_________- argument #5 of type `f64` is missing
     |
note: method defined here
    --> /Users/lordwilson/vy-nexus/aegis-rust/evolution-core/src/lib.rs:181:14
     |
181  |     async fn log_experience(
     |              ^^^^^^^^^^^^^^
help: try wrapping the expression in `serde_json::value::Value::String`
     |
1222 |             serde_json::value::Value::String("file_operation".to_string()),
     |             +++++++++++++++++++++++++++++++++                            +
help: provide the argument
     |
1220 -         evolution.log_experience(
1221 -             format!("pattern_test_{}", i),
1222 -             "file_operation".to_string(),
1223 -             serde_json::json!({"index": i}),
1224 -             success,
1225 -         ).await.unwrap();
1220 +         evolution.log_experience(format!("pattern_test_{}", i), /* serde_json::value::Value */, serde_json::json!({"index": i}), /* f64 */, /* f64 */).await.unwrap();
     |

error[E0308]: mismatched types
    --> tests/integration_tests.rs:1228:13
     |
1228 |             format!("pattern_test_{}", i),
     |             ^^^^^^^^^^^^^^^^^^^^^^^^^^^^^ expected `&str`, found `String`
     |
     = note: this error originates in the macro `format` (in Nightly builds, run with -Z macro-backtrace for more info)

error[E0308]: mismatched types
    --> tests/integration_tests.rs:1234:13
     |
1234 |             format!("pattern_test_{}", i),
     |             ^^^^^^^^^^^^^^^^^^^^^^^^^^^^^ expected `&str`, found `String`
     |
     = note: this error originates in the macro `format` (in Nightly builds, run with -Z macro-backtrace for more info)

error[E0277]: `Result<CapabilityMetrics, anyhow::Error>` is not a future
    --> tests/integration_tests.rs:1249:54
     |
1249 |     let metrics = evolution.get_capability_metrics().await.unwrap();
     |                                                      ^^^^^ `Result<CapabilityMetrics, anyhow::Error>` is not a future
     |
     = help: the trait `Future` is not implemented for `Result<CapabilityMetrics, anyhow::Error>`
     = note: Result<CapabilityMetrics, anyhow::Error> must be a future or must implement `IntoFuture` to be awaited
     = note: required for `Result<CapabilityMetrics, anyhow::Error>` to implement `IntoFuture`
help: remove the `.await`
     |
1249 -     let metrics = evolution.get_capability_metrics().await.unwrap();
1249 +     let metrics = evolution.get_capability_metrics().unwrap();
     |

error[E0599]: no function or associated item named `new_in_memory` found for struct `BasicAuditLogger` in the current scope
    --> tests/integration_tests.rs:1261:62
     |
1261 |     let audit_logger = Arc::new(Mutex::new(BasicAuditLogger::new_in_memory()));
     |                                                              ^^^^^^^^^^^^^ function or associated item not found in `BasicAuditLogger`
     |
note: if you're trying to build a new `BasicAuditLogger` consider using one of the following associated functions:
      BasicAuditLogger::new
      BasicAuditLogger::with_path
    --> /Users/lordwilson/vy-nexus/aegis-rust/audit-system/src/logger.rs:24:5
     |
24   |     pub fn new() -> Result<Self> {
     |     ^^^^^^^^^^^^^^^^^^^^^^^^^^^^
...
29   |     pub fn with_path(db_path: &str) -> Result<Self> {
     |     ^^^^^^^^^^^^^^^^^^^^^^^^^^^^^^^^^^^^^^^^^^^^^^^

error[E0061]: this method takes 1 argument but 4 arguments were supplied
    --> tests/integration_tests.rs:1265:28
     |
1265 |     let decision_id = hitl.request_decision(
     |                            ^^^^^^^^^^^^^^^^
1266 |         "timeout_test".to_string(),
     |         -------------------------- expected `DecisionRequest`, found `String`
1267 |         serde_json::json!({"test": "timeout"}),
     |         -------------------------------------- unexpected argument #2
1268 |         Priority::Medium,
     |         ---------------- unexpected argument #3 of type `hitl_collab::Priority`
1269 |         1, // 1 second timeout
     |         - unexpected argument #4 of type `{integer}`
     |
note: method defined here
    --> /Users/lordwilson/vy-nexus/aegis-rust/hitl-collab/src/lib.rs:130:14
     |
130  |     async fn request_decision(&mut self, request: DecisionRequest) -> Result<String>;
     |              ^^^^^^^^^^^^^^^^
help: remove the extra arguments
     |
1266 -         "timeout_test".to_string(),
1266 +         /* DecisionRequest */, // 1 second timeout
     |

error[E0599]: no method named `is_some` found for enum `DecisionStatus` in the current scope
    --> tests/integration_tests.rs:1277:20
     |
1277 |     assert!(status.is_some(), "Decision should exist");
     |                    ^^^^^^^ method not found in `DecisionStatus`

error[E0599]: no method named `unwrap` found for enum `DecisionStatus` in the current scope
    --> tests/integration_tests.rs:1279:27
     |
1279 |     let decision = status.unwrap();
     |                           ^^^^^^ method not found in `DecisionStatus`

Some errors have detailed explanations: E0061, E0277, E0308, E0432, E0433, E0599, E0609.
For more information about an error, try `rustc --explain E0061`.
warning: `aegis-rust` (test "integration_tests") generated 1 warning
error: could not compile `aegis-rust` (test "integration_tests") due to 154 previous errors; 1 warning emitted
